mode: set
tinker/service_provider.go:16.71,19.66 2 0
tinker/service_provider.go:19.66,21.3 1 0
tinker/service_provider.go:24.67,28.2 1 0
tinker/tinker.go:11.26,15.2 1 0
tinker/commands/tinker.go:11.26,13.2 1 0
tinker/commands/tinker.go:16.44,18.2 1 0
tinker/commands/tinker.go:21.46,23.2 1 0
tinker/commands/tinker.go:26.49,28.2 1 0
tinker/commands/tinker.go:31.59,34.2 2 0
tinker/config/tinker.go:7.13,12.2 2 0
tinker/funcs/cache/cache.go:8.38,10.16 2 0
tinker/funcs/cache/cache.go:10.16,12.13 2 0
tinker/funcs/cache/cache.go:16.26,18.2 1 0
tinker/funcs/cache/cache.go:20.35,22.2 1 0
tinker/styles/rotating.go:38.35,45.51 3 0
tinker/styles/rotating.go:45.51,48.3 2 0
tinker/styles/rotating.go:51.31,53.2 1 0
tinker/styles/rotating.go:55.57,58.16 2 0
tinker/styles/rotating.go:58.16,60.3 1 0
tinker/styles/rotating.go:61.2,61.27 1 0
tinker/styles/rotating.go:62.18,63.23 1 0
tinker/styles/rotating.go:64.29,65.22 1 0
tinker/styles/rotating.go:66.20,68.19 2 0
tinker/styles/rotating.go:68.19,70.5 1 0
tinker/styles/rotating.go:71.4,72.28 2 0
tinker/styles/rotating.go:73.21,75.32 2 0
tinker/styles/rotating.go:75.32,77.5 1 0
tinker/styles/rotating.go:78.4,79.28 2 0
tinker/styles/rotating.go:80.11,81.17 1 0
tinker/styles/rotating.go:83.23,86.16 3 0
tinker/styles/rotating.go:87.10,88.16 1 0
tinker/styles/rotating.go:92.32,96.2 3 0
tinker/styles/rotating.go:98.34,100.17 2 0
tinker/styles/rotating.go:101.9,102.11 1 0
tinker/styles/rotating.go:103.10,104.12 1 0
tinker/styles/rotating.go:107.2,109.8 3 0
tinker/styles/rotating.go:112.36,113.9 1 0
tinker/styles/rotating.go:114.16,115.18 1 0
tinker/styles/rotating.go:116.10,117.13 1 0
tinker/styles/tip.go:8.26,16.2 2 0
tinker/styles/tip.go:18.30,26.2 2 0
tinker/styles/tip.go:28.30,36.2 2 0
tinker/facades/tinker.go:9.32,11.16 2 0
tinker/facades/tinker.go:11.16,14.3 2 0
tinker/facades/tinker.go:16.2,16.36 1 0
tinker/view/auth.go:3.24,5.2 0 0
tinker/view/cache.go:17.24,38.60 11 0
tinker/view/cache.go:38.60,39.13 1 0
tinker/view/cache.go:41.2,43.17 3 0
tinker/view/cache.go:43.17,45.3 1 0
tinker/view/cache.go:46.2,47.17 2 0
tinker/view/cache.go:47.17,49.14 2 0
tinker/view/cache.go:52.2,53.6 2 0
tinker/view/cache.go:53.6,60.18 4 0
tinker/view/cache.go:60.18,61.12 1 0
tinker/view/cache.go:63.3,63.41 1 0
tinker/view/cache.go:63.41,65.9 2 0
tinker/view/cache.go:67.3,68.17 2 0
tinker/view/cache.go:68.17,70.4 1 0
tinker/view/cache.go:70.9,73.4 1 0
tinker/view/command.go:3.27,5.2 0 0
tinker/view/db.go:21.27,42.60 11 0
tinker/view/db.go:42.60,43.13 1 0
tinker/view/db.go:45.2,47.17 3 0
tinker/view/db.go:47.17,49.3 1 0
tinker/view/db.go:50.2,51.17 2 0
tinker/view/db.go:51.17,53.14 2 0
tinker/view/db.go:56.2,58.6 2 0
tinker/view/db.go:58.6,66.41 4 0
tinker/view/db.go:66.41,68.9 2 0
tinker/view/db.go:71.3,71.18 1 0
tinker/view/db.go:71.18,72.12 1 0
tinker/view/db.go:74.3,77.17 4 0
tinker/view/db.go:77.17,79.4 1 0
tinker/view/db.go:79.9,83.31 3 0
tinker/view/db.go:83.31,86.5 2 0
tinker/view/db.go:86.10,86.40 1 0
tinker/view/db.go:86.40,88.35 2 0
tinker/view/db.go:88.35,90.6 1 0
tinker/view/db.go:91.5,91.26 1 0
tinker/view/db.go:92.10,92.41 1 0
tinker/view/db.go:92.41,95.5 2 0
tinker/view/db.go:95.10,95.40 1 0
tinker/view/db.go:95.40,97.5 1 0
tinker/view/db.go:97.10,100.5 1 0
tinker/view/db.go:103.4,103.50 1 0
tinker/view/db.go:109.33,112.16 2 0
tinker/view/db.go:112.16,114.3 1 0
tinker/view/db.go:115.2,117.16 3 0
tinker/view/db.go:117.16,119.3 1 0
tinker/view/db.go:120.2,120.50 1 0
tinker/view/query.go:38.72,42.46 2 0
tinker/view/query.go:42.46,44.3 1 0
tinker/view/query.go:45.2,46.17 2 0
tinker/view/query.go:49.44,52.6 3 0
tinker/view/query.go:52.6,53.10 1 0
tinker/view/query.go:54.21,55.10 1 0
tinker/view/query.go:56.19,57.46 1 0
tinker/view/query.go:57.46,59.13 2 0
tinker/view/query.go:66.54,70.16 3 0
tinker/view/query.go:70.16,73.3 2 0
tinker/view/query.go:76.2,76.40 1 0
tinker/view/query.go:76.40,78.3 1 0
tinker/view/query.go:80.2,80.29 1 0
tinker/view/query.go:80.29,81.19 1 0
tinker/view/query.go:81.19,83.4 1 0
tinker/view/query.go:83.9,85.18 2 0
tinker/view/query.go:85.18,87.13 2 0
tinker/view/query.go:89.4,89.38 1 0
tinker/view/query.go:92.2,92.16 1 0
tinker/view/query.go:96.58,112.57 9 0
tinker/view/query.go:112.57,114.3 1 0
tinker/view/query.go:115.2,117.35 2 0
tinker/view/query.go:117.35,119.3 1 0
tinker/view/query.go:120.2,123.46 2 0
tinker/view/query.go:123.46,125.3 1 0
tinker/view/query.go:126.2,126.47 1 0
tinker/view/query.go:126.47,128.3 1 0
tinker/view/query.go:130.2,130.79 1 0
tinker/view/query.go:130.79,132.3 1 0
tinker/view/query.go:133.2,134.16 2 0
tinker/view/query.go:134.16,136.3 1 0
tinker/view/query.go:137.2,138.9 2 0
tinker/view/query.go:138.9,140.3 1 0
tinker/view/query.go:142.2,142.34 1 0
tinker/view/query.go:142.34,144.3 1 0
tinker/view/query.go:145.2,153.12 6 0
tinker/view/query.go:156.16,174.16 9 0
tinker/view/query.go:174.16,176.3 1 0
tinker/view/query.go:179.2,182.119 3 0
tinker/view/query.go:186.40,196.38 5 0
tinker/view/query.go:196.38,198.36 2 0
tinker/view/query.go:198.36,200.70 2 0
tinker/view/query.go:200.70,202.5 1 0
tinker/view/query.go:207.2,209.30 3 0
tinker/view/query.go:209.30,211.3 1 0
tinker/view/query.go:212.2,224.20 7 0
tinker/view/query.go:227.24,234.60 6 0
tinker/view/query.go:234.60,235.13 1 0
tinker/view/query.go:237.2,238.16 2 0
tinker/view/query.go:238.16,239.13 1 0
tinker/view/query.go:244.2,253.60 5 0
tinker/view/query.go:253.60,254.13 1 0
tinker/view/query.go:256.2,258.17 3 0
tinker/view/query.go:258.17,260.3 1 0
tinker/view/query.go:261.2,262.17 2 0
tinker/view/query.go:262.17,264.14 2 0
tinker/view/query.go:266.2,267.6 2 0
tinker/view/query.go:267.6,272.41 4 0
tinker/view/query.go:272.41,275.9 3 0
tinker/view/query.go:277.3,277.25 1 0
tinker/view/query.go:277.25,280.8 3 0
tinker/view/query.go:280.8,284.39 4 0
tinker/view/query.go:284.39,286.11 2 0
tinker/view/query.go:288.5,288.39 1 0
tinker/view/query.go:288.39,295.21 5 0
tinker/view/query.go:295.21,297.7 1 0
tinker/view/query.go:298.6,302.25 4 0
tinker/view/query.go:302.25,308.25 5 0
tinker/view/query.go:308.25,310.8 1 0
tinker/view/query.go:311.7,312.26 2 0
tinker/view/query.go:312.26,314.8 1 0
tinker/view/query.go:314.13,316.8 1 0
tinker/view/query.go:319.6,319.11 1 0
tinker/view/query.go:320.11,323.6 2 0
tinker/view/query.go:331.35,333.2 1 0
tinker/view/view.go:27.23,92.2 17 0
tinker/view/view.go:94.13,100.16 4 0
tinker/view/view.go:100.16,103.3 2 0
tinker/view/view.go:104.2,104.24 1 0
tinker/view/view.go:105.11,106.23 1 0
tinker/view/view.go:107.11,108.20 1 0
tinker/view/view.go:109.11,110.22 1 0
tinker/view/view.go:111.11,112.22 1 0
tinker/view/view.go:116.26,118.2 1 0
tinker/view/view.go:121.31,121.45 1 0
tinker/view/view.go:123.57,125.27 2 0
tinker/view/view.go:126.18,127.23 1 0
tinker/view/view.go:128.14,129.25 1 0
tinker/view/view.go:129.25,131.5 1 0
tinker/view/view.go:131.10,133.5 1 0
tinker/view/view.go:134.22,135.22 1 0
tinker/view/view.go:136.16,137.25 1 0
tinker/view/view.go:137.25,139.19 2 0
tinker/view/view.go:140.14,142.24 2 0
tinker/view/view.go:143.14,146.24 2 0
tinker/view/view.go:147.14,150.24 2 0
tinker/view/view.go:151.14,154.24 2 0
tinker/view/view.go:155.14,158.24 2 0
tinker/view/view.go:159.13,162.7 1 0
tinker/view/view.go:167.2,168.15 2 0
tinker/view/view.go:172.30,175.23 3 0
tinker/view/view.go:175.23,177.3 1 0
tinker/view/view.go:177.8,179.3 1 0
tinker/view/view.go:182.2,182.36 1 0
tinker/view/view.go:185.29,189.6 3 0
tinker/view/view.go:189.6,193.41 4 0
tinker/view/view.go:193.41,195.9 2 0
tinker/view/view.go:196.9,201.18 5 0
tinker/view/view.go:201.18,203.5 1 0
tinker/view/view.go:203.10,205.5 1 0
tinker/view/view.go:210.33,217.33 5 0
tinker/view/view.go:217.33,220.3 2 0
tinker/funcs/command/command.go:5.20,7.2 1 0
tinker/funcs/command/command.go:9.23,11.2 1 0
tinker/funcs/command/command.go:13.27,15.2 1 0
tinker/symbols/github_com-goravel-framework-database-orm.go:10.13,23.2 1 0
tinker/symbols/github_com-goravel-framework-facades.go:10.13,38.2 1 0
tinker/symbols/gorm_io-driver-mysql.go:12.13,33.2 1 0
tinker/symbols/gorm_io-gorm-logger.go:14.13,50.2 1 0
tinker/symbols/gorm_io-gorm-logger.go:62.97,64.2 1 0
tinker/symbols/gorm_io-gorm-logger.go:65.96,67.2 1 0
tinker/symbols/gorm_io-gorm-logger.go:68.86,70.2 1 0
tinker/symbols/gorm_io-gorm-logger.go:71.140,73.2 1 0
tinker/symbols/gorm_io-gorm-logger.go:74.96,76.2 1 0
tinker/symbols/gorm_io-gorm-logger.go:84.75,86.2 1 0
tinker/symbols/gorm_io-gorm.go:14.13,104.2 1 0
tinker/symbols/gorm_io-gorm.go:123.83,125.2 1 0
tinker/symbols/gorm_io-gorm.go:126.77,128.2 1 0
tinker/symbols/gorm_io-gorm.go:129.69,131.2 1 0
tinker/symbols/gorm_io-gorm.go:132.61,134.2 1 0
tinker/symbols/gorm_io-gorm.go:135.89,137.2 1 0
tinker/symbols/gorm_io-gorm.go:138.74,140.2 1 0
tinker/symbols/gorm_io-gorm.go:141.68,143.2 1 0
tinker/symbols/gorm_io-gorm.go:144.49,146.2 1 0
tinker/symbols/gorm_io-gorm.go:147.71,149.2 1 0
tinker/symbols/gorm_io-gorm.go:150.77,152.2 1 0
tinker/symbols/gorm_io-gorm.go:153.59,155.2 1 0
tinker/symbols/gorm_io-gorm.go:156.67,158.2 1 0
tinker/symbols/gorm_io-gorm.go:169.121,171.2 1 0
tinker/symbols/gorm_io-gorm.go:172.102,174.2 1 0
tinker/symbols/gorm_io-gorm.go:175.121,177.2 1 0
tinker/symbols/gorm_io-gorm.go:178.114,180.2 1 0
tinker/symbols/gorm_io-gorm.go:188.114,190.2 1 0
tinker/symbols/gorm_io-gorm.go:205.103,207.2 1 0
tinker/symbols/gorm_io-gorm.go:208.70,210.2 1 0
tinker/symbols/gorm_io-gorm.go:211.85,213.2 1 0
tinker/symbols/gorm_io-gorm.go:214.82,216.2 1 0
tinker/symbols/gorm_io-gorm.go:217.64,219.2 1 0
tinker/symbols/gorm_io-gorm.go:220.70,222.2 1 0
tinker/symbols/gorm_io-gorm.go:223.48,225.2 1 0
tinker/symbols/gorm_io-gorm.go:226.71,228.2 1 0
tinker/symbols/gorm_io-gorm.go:236.67,238.2 1 0
tinker/symbols/gorm_io-gorm.go:246.68,248.2 1 0
tinker/symbols/gorm_io-gorm.go:261.49,263.2 1 0
tinker/symbols/gorm_io-gorm.go:264.44,266.2 1 0
tinker/symbols/gorm_io-gorm.go:267.46,269.2 1 0
tinker/symbols/gorm_io-gorm.go:270.72,272.2 1 0
tinker/symbols/gorm_io-gorm.go:273.45,275.2 1 0
tinker/symbols/gorm_io-gorm.go:276.62,278.2 1 0
tinker/symbols/gorm_io-gorm.go:313.80,315.2 1 0
tinker/symbols/gorm_io-gorm.go:316.82,318.2 1 0
tinker/symbols/gorm_io-gorm.go:319.71,321.2 1 0
tinker/symbols/gorm_io-gorm.go:322.89,324.2 1 0
tinker/symbols/gorm_io-gorm.go:325.86,327.2 1 0
tinker/symbols/gorm_io-gorm.go:328.81,330.2 1 0
tinker/symbols/gorm_io-gorm.go:331.71,333.2 1 0
tinker/symbols/gorm_io-gorm.go:334.87,336.2 1 0
tinker/symbols/gorm_io-gorm.go:337.58,339.2 1 0
tinker/symbols/gorm_io-gorm.go:340.81,342.2 1 0
tinker/symbols/gorm_io-gorm.go:343.84,345.2 1 0
tinker/symbols/gorm_io-gorm.go:346.79,348.2 1 0
tinker/symbols/gorm_io-gorm.go:349.69,351.2 1 0
tinker/symbols/gorm_io-gorm.go:352.61,354.2 1 0
tinker/symbols/gorm_io-gorm.go:355.78,357.2 1 0
tinker/symbols/gorm_io-gorm.go:358.83,360.2 1 0
tinker/symbols/gorm_io-gorm.go:361.77,363.2 1 0
tinker/symbols/gorm_io-gorm.go:364.82,366.2 1 0
tinker/symbols/gorm_io-gorm.go:367.79,369.2 1 0
tinker/symbols/gorm_io-gorm.go:370.82,372.2 1 0
tinker/symbols/gorm_io-gorm.go:373.77,375.2 1 0
tinker/symbols/gorm_io-gorm.go:376.64,378.2 1 0
tinker/symbols/gorm_io-gorm.go:379.119,381.2 1 0
tinker/symbols/gorm_io-gorm.go:382.125,384.2 1 0
tinker/symbols/gorm_io-gorm.go:385.99,387.2 1 0
tinker/symbols/gorm_io-gorm.go:388.100,390.2 1 0
tinker/symbols/gorm_io-gorm.go:391.93,393.2 1 0
tinker/symbols/gorm_io-gorm.go:394.84,396.2 1 0
tinker/symbols/gorm_io-gorm.go:405.66,407.2 1 0
tinker/symbols/gorm_io-gorm.go:408.60,410.2 1 0
tinker/symbols/gorm_io-gorm.go:418.130,420.2 1 0
tinker/symbols/gorm_io-gorm.go:429.61,431.2 1 0
tinker/symbols/gorm_io-gorm.go:432.45,434.2 1 0
tinker/symbols/gorm_io-gorm.go:447.43,449.2 1 0
tinker/symbols/gorm_io-gorm.go:450.70,452.2 1 0
tinker/symbols/gorm_io-gorm.go:453.57,455.2 1 0
tinker/symbols/gorm_io-gorm.go:456.41,458.2 1 0
tinker/symbols/gorm_io-gorm.go:459.41,461.2 1 0
tinker/symbols/gorm_io-gorm.go:462.61,464.2 1 0
tinker/symbols/gorm_io-gorm.go:473.97,475.2 1 0
tinker/symbols/gorm_io-gorm.go:476.96,478.2 1 0
tinker/symbols/gorm_io-gorm.go:486.78,488.2 1 0
tinker/symbols/gorm_io-gorm.go:499.70,501.2 1 0
tinker/symbols/gorm_io-gorm.go:502.48,504.2 1 0
tinker/symbols/gorm_io-gorm.go:505.50,507.2 1 0
tinker/symbols/gorm_io-gorm.go:508.48,510.2 1 0
tinker/symbols/gorm_io-gorm.go:524.42,526.2 1 0
tinker/symbols/gorm_io-gorm.go:527.115,529.2 1 0
tinker/symbols/gorm_io-gorm.go:530.96,532.2 1 0
tinker/symbols/gorm_io-gorm.go:533.115,535.2 1 0
tinker/symbols/gorm_io-gorm.go:536.108,538.2 1 0
tinker/symbols/gorm_io-gorm.go:539.44,541.2 1 0
tinker/symbols/gorm_io-gorm.go:542.86,544.2 1 0
tinker/symbols/gorm_io-gorm.go:552.102,554.2 1 0
tinker/symbols/gorm_io-gorm.go:563.51,565.2 1 0
tinker/symbols/gorm_io-gorm.go:566.53,568.2 1 0
tinker/symbols/gorm_io-gorm.go:576.86,578.2 1 0
tinker/symbols/tinker-funcs-cache.go:13.13,20.2 1 0
tinker/symbols/tinker-funcs-command.go:13.13,20.2 1 0
tinker/symbols/tinker-funcs-db.go:13.13,31.2 1 0
tinker/symbols/tinker-funcs-query.go:13.13,38.2 1 0
tinker/funcs/query/query.go:24.24,25.17 1 1
tinker/funcs/query/query.go:25.17,36.17 2 1
tinker/funcs/query/query.go:36.17,37.14 1 0
tinker/funcs/query/query.go:39.3,39.16 1 1
tinker/funcs/query/query.go:41.2,41.16 1 1
tinker/funcs/query/query.go:44.20,46.2 1 1
tinker/funcs/query/query.go:51.45,54.2 2 0
tinker/funcs/query/query.go:56.44,61.2 4 0
tinker/funcs/query/query.go:63.65,65.2 1 0
tinker/funcs/query/query.go:67.63,69.2 1 0
tinker/funcs/query/query.go:70.64,72.2 1 0
tinker/funcs/query/query.go:73.63,75.2 1 0
tinker/funcs/query/query.go:80.63,83.2 2 1
tinker/funcs/query/query.go:85.64,87.2 1 0
tinker/funcs/query/query.go:88.61,90.2 1 0
tinker/funcs/query/query.go:91.43,93.2 1 0
tinker/funcs/query/query.go:94.35,96.2 1 0
tinker/funcs/query/query.go:97.37,99.2 1 0
tinker/funcs/query/query.go:100.48,102.2 1 0
tinker/funcs/query/query.go:103.59,105.2 1 0
tinker/funcs/query/query.go:106.43,108.2 1 0
tinker/funcs/query/query.go:110.21,112.2 1 0
tinker/funcs/query/query.go:114.14,116.2 1 0
tinker/funcs/db/db.go:17.24,18.17 1 1
tinker/funcs/db/db.go:18.17,29.17 2 1
tinker/funcs/db/db.go:29.17,30.14 1 0
tinker/funcs/db/db.go:32.3,32.16 1 1
tinker/funcs/db/db.go:34.2,34.16 1 1
tinker/funcs/db/db.go:44.20,46.2 1 1
tinker/funcs/db/db.go:48.48,52.2 3 0
tinker/funcs/db/db.go:55.59,59.2 3 1
tinker/funcs/db/db.go:62.92,66.2 3 0
tinker/funcs/db/db.go:69.92,74.2 3 0
tinker/funcs/db/db.go:77.101,81.2 3 0
tinker/funcs/db/db.go:84.98,88.2 3 0
tinker/funcs/db/db.go:91.97,95.2 3 0
tinker/funcs/db/db.go:98.118,102.2 3 0
tinker/funcs/db/db.go:104.22,106.2 1 1
tinker/funcs/db/db.go:107.21,109.2 1 1
tinker/funcs/db/db.go:111.14,114.2 2 1
